<testsuites id="" name="" tests="1" failures="1" skipped="0" errors="0" time="14.741496">
<testsuite name="manual-integration.spec.ts" timestamp="2025-08-18T20:02:37.665Z" hostname="chromium" tests="1" failures="1" skipped="0" time="13.214" errors="0">
<testcase name="Manual Integration Test › integration page loads with authentication" classname="manual-integration.spec.ts" time="13.214">
<failure message="manual-integration.spec.ts:9:7 integration page loads with authentication" type="FAILURE">
<![CDATA[  [chromium] › manual-integration.spec.ts:9:7 › Manual Integration Test › integration page loads with authentication 

    TimeoutError: page.waitForResponse: Timeout 10000ms exceeded while waiting for event "response"

      22 |     
      23 |     // Wait for API response
    > 24 |     const response = await page.waitForResponse(
         |                                 ^
      25 |       resp => resp.url().includes('/auth/login'),
      26 |       { timeout: 10000 }
      27 |     );
        at /home/k2600x/dev/ai-service/e2e/tests/manual-integration.spec.ts:24:33

    attachment #1: screenshot (image/png) ──────────────────────────────────────────────────────────
    ../../test-results/manual-integration-Manual--9159d-e-loads-with-authentication-chromium/test-failed-1.png
    ────────────────────────────────────────────────────────────────────────────────────────────────

    attachment #2: video (video/webm) ──────────────────────────────────────────────────────────────
    ../../test-results/manual-integration-Manual--9159d-e-loads-with-authentication-chromium/video.webm
    ────────────────────────────────────────────────────────────────────────────────────────────────

    Error Context: ../../test-results/manual-integration-Manual--9159d-e-loads-with-authentication-chromium/error-context.md
]]>
</failure>
<system-out>
<![CDATA[
[[ATTACHMENT|manual-integration-Manual--9159d-e-loads-with-authentication-chromium/test-failed-1.png]]

[[ATTACHMENT|manual-integration-Manual--9159d-e-loads-with-authentication-chromium/video.webm]]

[[ATTACHMENT|manual-integration-Manual--9159d-e-loads-with-authentication-chromium/error-context.md]]
]]>
</system-out>
</testcase>
</testsuite>
</testsuites>